2022-08-04T09:24:18UTC [DEBUG] app.py  :: 72 : Application started.
2022-08-04T09:25:06UTC [DEBUG] app.py  :: 37 : Request received for task with id: 
2022-08-04T09:25:06UTC [DEBUG] app.py  :: 52 : Loaded config file : /app/config/service_config.yaml
2022-08-04T09:25:06UTC [DEBUG] app.py  :: 60 : "ts": Thu Aug  4 09:25:06 2022,"task_id": bffbdc39-04cb-40fa-8cc6-5b4a69ba6467, "state":"success"
2022-08-04T09:25:06UTC [DEBUG] tasks.py:: 44 : object created: prophet, almaty
2022-08-04T09:25:16UTC [DEBUG] app.py  :: 37 : Request received for task with id: bffbdc39-04cb-40fa-8cc6-5b4a69ba6467
2022-08-04T09:25:16UTC [DEBUG] app.py  :: 43 : {'status': 'PENDING', 'result': 'None'}
2022-08-04T09:25:21UTC [DEBUG] app.py  :: 37 : Request received for task with id: bffbdc39-04cb-40fa-8cc6-5b4a69ba6467
2022-08-04T09:25:21UTC [DEBUG] app.py  :: 43 : {'status': 'PENDING', 'result': 'None'}
2022-08-04T09:25:24UTC [DEBUG] app.py  :: 37 : Request received for task with id: bffbdc39-04cb-40fa-8cc6-5b4a69ba6467
2022-08-04T09:25:24UTC [DEBUG] app.py  :: 43 : {'status': 'PENDING', 'result': 'None'}
2022-08-04T09:25:25UTC [DEBUG] app.py  :: 37 : Request received for task with id: bffbdc39-04cb-40fa-8cc6-5b4a69ba6467
2022-08-04T09:25:25UTC [DEBUG] app.py  :: 43 : {'status': 'PENDING', 'result': 'None'}
2022-08-04T09:25:26UTC [DEBUG] app.py  :: 37 : Request received for task with id: bffbdc39-04cb-40fa-8cc6-5b4a69ba6467
2022-08-04T09:25:26UTC [DEBUG] app.py  :: 43 : {'status': 'PENDING', 'result': 'None'}
2022-08-04T09:25:28UTC [DEBUG] app.py  :: 37 : Request received for task with id: bffbdc39-04cb-40fa-8cc6-5b4a69ba6467
2022-08-04T09:25:28UTC [DEBUG] app.py  :: 43 : {'status': 'PENDING', 'result': 'None'}
2022-08-04T09:25:29UTC [DEBUG] app.py  :: 37 : Request received for task with id: bffbdc39-04cb-40fa-8cc6-5b4a69ba6467
2022-08-04T09:25:29UTC [DEBUG] app.py  :: 43 : {'status': 'PENDING', 'result': 'None'}
2022-08-04T09:25:30UTC [DEBUG] app.py  :: 37 : Request received for task with id: bffbdc39-04cb-40fa-8cc6-5b4a69ba6467
2022-08-04T09:25:30UTC [DEBUG] app.py  :: 43 : {'status': 'PENDING', 'result': 'None'}
2022-08-04T09:25:48UTC [DEBUG] service.py:: 117 : container b2e51117b3 removed
2022-08-04T09:26:03UTC [DEBUG] app.py  :: 37 : Request received for task with id: bffbdc39-04cb-40fa-8cc6-5b4a69ba6467
2022-08-04T09:26:03UTC [DEBUG] app.py  :: 43 : {'status': 'FAILURE', 'result': "HTTPError('404 Client Error: Not Found for url: http+docker://localhost/v1.41/containers/b2e51117b3fc83dd64486cf4ac024ee2080f5c43d7a0131e324903618dbcfe6f/start')"}
2022-08-04T09:28:41UTC [DEBUG] app.py  :: 37 : Request received for task with id: bffbdc39-04cb-40fa-8cc6-5b4a69ba6467
2022-08-04T09:28:41UTC [DEBUG] app.py  :: 43 : {'status': 'FAILURE', 'result': "HTTPError('404 Client Error: Not Found for url: http+docker://localhost/v1.41/containers/b2e51117b3fc83dd64486cf4ac024ee2080f5c43d7a0131e324903618dbcfe6f/start')"}
2022-08-04T09:43:38UTC [DEBUG] app.py  :: 72 : Application started.
2022-08-04T09:43:45UTC [DEBUG] app.py  :: 37 : Request received for task with id: 
2022-08-04T09:43:45UTC [DEBUG] app.py  :: 52 : Loaded config file : /app/config/service_config.yaml
2022-08-04T09:43:45UTC [DEBUG] app.py  :: 60 : "ts": Thu Aug  4 09:43:45 2022,"task_id": 0a51ce47-9e07-4952-b0ad-83b57a86d574, "state":"success"
2022-08-04T09:43:45UTC [DEBUG] tasks.py:: 44 : object created: prophet, almaty
2022-08-04T09:43:46UTC [DEBUG] service.py:: 118 : container 2779ee6de8 removed
2022-08-04T09:45:46UTC [DEBUG] app.py  :: 37 : Request received for task with id: 
2022-08-04T09:45:46UTC [DEBUG] app.py  :: 52 : Loaded config file : /app/config/service_config.yaml
2022-08-04T09:45:46UTC [DEBUG] tasks.py:: 44 : object created: prophet, almaty
2022-08-04T09:45:46UTC [DEBUG] app.py  :: 60 : "ts": Thu Aug  4 09:45:46 2022,"task_id": 68fc36c5-a826-4ba6-b39a-e0bd5f6eff1d, "state":"success"
2022-08-04T09:45:46UTC [DEBUG] service.py:: 118 : container ddb082f315 removed
2022-08-04T09:45:58UTC [DEBUG] app.py  :: 37 : Request received for task with id: 
2022-08-04T09:45:58UTC [DEBUG] app.py  :: 52 : Loaded config file : /app/config/service_config.yaml
2022-08-04T09:45:58UTC [DEBUG] tasks.py:: 44 : object created: prophet, almaty
2022-08-04T09:45:58UTC [DEBUG] app.py  :: 60 : "ts": Thu Aug  4 09:45:58 2022,"task_id": a82f368a-352d-4c5b-9b1a-02db565f96fd, "state":"success"
2022-08-04T09:45:58UTC [DEBUG] service.py:: 118 : container 6e6138f88f removed
2022-08-05T05:28:38UTC [DEBUG] app.py  :: 37 : Request received for task with id: 
2022-08-05T05:28:38UTC [DEBUG] app.py  :: 52 : Loaded config file : /app/config/service_config.yaml
2022-08-05T05:28:38UTC [DEBUG] tasks.py:: 44 : object created: prophet, almaty
2022-08-05T05:28:38UTC [DEBUG] app.py  :: 60 : "ts": Fri Aug  5 05:28:38 2022,"task_id": ea2dee4d-2910-4838-9673-12021bd2b96d, "state":"success"
2022-08-05T05:28:38UTC [DEBUG] service.py:: 118 : container 1594ebe5a4 removed
2022-08-05T09:13:39UTC [DEBUG] app.py  :: 72 : Application started.
2022-08-05T09:16:10UTC [DEBUG] app.py  :: 37 : Request received for task with id: 
2022-08-05T09:16:10UTC [DEBUG] app.py  :: 52 : Loaded config file : /app/config/service_config.yaml
2022-08-05T09:16:10UTC [DEBUG] app.py  :: 60 : "ts": Fri Aug  5 09:16:10 2022,"task_id": b061455f-0c04-47ac-bf91-dd92d6fea642, "state":"success"
2022-08-05T09:16:10UTC [DEBUG] tasks.py:: 44 : object created: prophet, almaty
2022-08-05T09:16:10UTC [DEBUG] service.py:: 118 : container 733e57a8e0 removed
2022-08-05T09:17:20UTC [DEBUG] app.py  :: 37 : Request received for task with id: 
2022-08-05T09:17:20UTC [DEBUG] app.py  :: 52 : Loaded config file : /app/config/service_config.yaml
2022-08-05T09:17:20UTC [DEBUG] app.py  :: 60 : "ts": Fri Aug  5 09:17:20 2022,"task_id": 33a2712c-5898-46a1-981f-505d1c5ef2d4, "state":"success"
2022-08-05T09:17:20UTC [DEBUG] tasks.py:: 44 : object created: prophet, almaty2
2022-08-05T09:17:20UTC [DEBUG] service.py:: 118 : container ef0443ef31 removed
2022-08-06T18:52:09UTC [DEBUG] app.py  :: 72 : Application started.
